2016-01-09 16:29:25 [127.0.0.1][1][5ko26ansr1er7eu234o6u6pej1][error][yii\web\HttpException:404] exception 'yii\base\InvalidRouteException' with message 'Unable to resolve the request "surat-arsip/assets/images/avatar-small.jpg".' in /var/www/autocom/vendor/yiisoft/yii2/base/Module.php:461
Stack trace:
#0 /var/www/autocom/vendor/yiisoft/yii2/web/Application.php(84): yii\base\Module->runAction('surat-arsip/ass...', Array)
#1 /var/www/autocom/vendor/yiisoft/yii2/base/Application.php(375): yii\web\Application->handleRequest(Object(yii\web\Request))
#2 /var/www/autocom/web/index.php(12): yii\base\Application->run()
#3 {main}

Next exception 'yii\web\NotFoundHttpException' with message 'Page not found.' in /var/www/autocom/vendor/yiisoft/yii2/web/Application.php:96
Stack trace:
#0 /var/www/autocom/vendor/yiisoft/yii2/base/Application.php(375): yii\web\Application->handleRequest(Object(yii\web\Request))
#1 /var/www/autocom/web/index.php(12): yii\base\Application->run()
#2 {main}
2016-01-09 16:29:25 [127.0.0.1][1][5ko26ansr1er7eu234o6u6pej1][info][application] $_COOKIE = [
    '_csrf' => 'e1ed0f93379675fbb9abb0ffcc6b15a69dc79c06628b7290b85d8b9e9f62f706a:2:{i:0;s:5:\"_csrf\";i:1;s:32:\"nwUGmFpZKEk6JvZN3S5ilqfTU2oDOawP\";}'
    'PHPSESSID' => '5ko26ansr1er7eu234o6u6pej1'
    '_identity' => 'c9e3697fadaef5353f4dec673f8214750f74b1d9de75d106d310a645c75a92dea:2:{i:0;s:9:\"_identity\";i:1;s:14:\"[1,\"\",2592000]\";}'
]

$_SESSION = [
    '__flash' => []
    '__id' => 1
    'session.user' => [
        'login' => true
        'username' => 'tiyo'
        'email' => 'tiyo.lab@gmail.com'
        'user_type' => 'super admin'
        'hak_akses' => [
            1 => '3,1,4,2'
            2 => '2,3,1,4'
            3 => '1,4,2,3'
            4 => '3,1,4,2'
            5 => '1,4,2,3'
            6 => '3,1,4,2'
            7 => '2,3,1,4'
            8 => '1,4,2,3'
        ]
    ]
]

$_SERVER = [
    'REDIRECT_STATUS' => '200'
    'HTTP_HOST' => 'localhost'
    'HTTP_USER_AGENT' => 'Mozilla/5.0 (X11; Ubuntu; Linux x86_64; rv:43.0) Gecko/20100101 Firefox/43.0'
    'HTTP_ACCEPT' => 'image/png,image/*;q=0.8,*/*;q=0.5'
    'HTTP_ACCEPT_LANGUAGE' => 'en-US,en;q=0.5'
    'HTTP_ACCEPT_ENCODING' => 'gzip, deflate'
    'HTTP_REFERER' => 'http://localhost/autocom/web/surat-arsip/buat-surat'
    'HTTP_COOKIE' => '_csrf=e1ed0f93379675fbb9abb0ffcc6b15a69dc79c06628b7290b85d8b9e9f62f706a%3A2%3A%7Bi%3A0%3Bs%3A5%3A%22_csrf%22%3Bi%3A1%3Bs%3A32%3A%22nwUGmFpZKEk6JvZN3S5ilqfTU2oDOawP%22%3B%7D; PHPSESSID=5ko26ansr1er7eu234o6u6pej1; _identity=c9e3697fadaef5353f4dec673f8214750f74b1d9de75d106d310a645c75a92dea%3A2%3A%7Bi%3A0%3Bs%3A9%3A%22_identity%22%3Bi%3A1%3Bs%3A14%3A%22%5B1%2C%22%22%2C2592000%5D%22%3B%7D'
    'HTTP_CONNECTION' => 'keep-alive'
    'PATH' => '/usr/local/sbin:/usr/local/bin:/usr/sbin:/usr/bin:/sbin:/bin'
    'SERVER_SIGNATURE' => '<address>Apache/2.4.7 (Ubuntu) Server at localhost Port 80</address>
'
    'SERVER_SOFTWARE' => 'Apache/2.4.7 (Ubuntu)'
    'SERVER_NAME' => 'localhost'
    'SERVER_ADDR' => '127.0.0.1'
    'SERVER_PORT' => '80'
    'REMOTE_ADDR' => '127.0.0.1'
    'DOCUMENT_ROOT' => '/var/www/'
    'REQUEST_SCHEME' => 'http'
    'CONTEXT_PREFIX' => ''
    'CONTEXT_DOCUMENT_ROOT' => '/var/www/'
    'SERVER_ADMIN' => 'webmaster@localhost'
    'SCRIPT_FILENAME' => '/var/www/autocom/web/index.php'
    'REMOTE_PORT' => '34613'
    'REDIRECT_URL' => '/autocom/web/surat-arsip/assets/images/avatar-small.jpg'
    'GATEWAY_INTERFACE' => 'CGI/1.1'
    'SERVER_PROTOCOL' => 'HTTP/1.1'
    'REQUEST_METHOD' => 'GET'
    'QUERY_STRING' => ''
    'REQUEST_URI' => '/autocom/web/surat-arsip/assets/images/avatar-small.jpg'
    'SCRIPT_NAME' => '/autocom/web/index.php'
    'PHP_SELF' => '/autocom/web/index.php'
    'REQUEST_TIME_FLOAT' => 1452356965.175
    'REQUEST_TIME' => 1452356965
]
2016-01-09 16:29:33 [127.0.0.1][1][5ko26ansr1er7eu234o6u6pej1][error][yii\web\HttpException:404] exception 'yii\base\InvalidRouteException' with message 'Unable to resolve the request "surat-arsip/surat-arsip/surat-masuk".' in /var/www/autocom/vendor/yiisoft/yii2/base/Module.php:461
Stack trace:
#0 /var/www/autocom/vendor/yiisoft/yii2/web/Application.php(84): yii\base\Module->runAction('surat-arsip/sur...', Array)
#1 /var/www/autocom/vendor/yiisoft/yii2/base/Application.php(375): yii\web\Application->handleRequest(Object(yii\web\Request))
#2 /var/www/autocom/web/index.php(12): yii\base\Application->run()
#3 {main}

Next exception 'yii\web\NotFoundHttpException' with message 'Page not found.' in /var/www/autocom/vendor/yiisoft/yii2/web/Application.php:96
Stack trace:
#0 /var/www/autocom/vendor/yiisoft/yii2/base/Application.php(375): yii\web\Application->handleRequest(Object(yii\web\Request))
#1 /var/www/autocom/web/index.php(12): yii\base\Application->run()
#2 {main}
2016-01-09 16:29:33 [127.0.0.1][1][5ko26ansr1er7eu234o6u6pej1][info][application] $_COOKIE = [
    '_csrf' => 'e1ed0f93379675fbb9abb0ffcc6b15a69dc79c06628b7290b85d8b9e9f62f706a:2:{i:0;s:5:\"_csrf\";i:1;s:32:\"nwUGmFpZKEk6JvZN3S5ilqfTU2oDOawP\";}'
    'PHPSESSID' => '5ko26ansr1er7eu234o6u6pej1'
    '_identity' => 'c9e3697fadaef5353f4dec673f8214750f74b1d9de75d106d310a645c75a92dea:2:{i:0;s:9:\"_identity\";i:1;s:14:\"[1,\"\",2592000]\";}'
]

$_SESSION = [
    '__flash' => []
    '__id' => 1
    'session.user' => [
        'login' => true
        'username' => 'tiyo'
        'email' => 'tiyo.lab@gmail.com'
        'user_type' => 'super admin'
        'hak_akses' => [
            1 => '3,1,4,2'
            2 => '2,3,1,4'
            3 => '1,4,2,3'
            4 => '3,1,4,2'
            5 => '1,4,2,3'
            6 => '3,1,4,2'
            7 => '2,3,1,4'
            8 => '1,4,2,3'
        ]
    ]
]

$_SERVER = [
    'REDIRECT_STATUS' => '200'
    'HTTP_HOST' => 'localhost'
    'HTTP_USER_AGENT' => 'Mozilla/5.0 (X11; Ubuntu; Linux x86_64; rv:43.0) Gecko/20100101 Firefox/43.0'
    'HTTP_ACCEPT' => 'text/html,application/xhtml+xml,application/xml;q=0.9,*/*;q=0.8'
    'HTTP_ACCEPT_LANGUAGE' => 'en-US,en;q=0.5'
    'HTTP_ACCEPT_ENCODING' => 'gzip, deflate'
    'HTTP_REFERER' => 'http://localhost/autocom/web/surat-arsip/buat-surat'
    'HTTP_COOKIE' => '_csrf=e1ed0f93379675fbb9abb0ffcc6b15a69dc79c06628b7290b85d8b9e9f62f706a%3A2%3A%7Bi%3A0%3Bs%3A5%3A%22_csrf%22%3Bi%3A1%3Bs%3A32%3A%22nwUGmFpZKEk6JvZN3S5ilqfTU2oDOawP%22%3B%7D; PHPSESSID=5ko26ansr1er7eu234o6u6pej1; _identity=c9e3697fadaef5353f4dec673f8214750f74b1d9de75d106d310a645c75a92dea%3A2%3A%7Bi%3A0%3Bs%3A9%3A%22_identity%22%3Bi%3A1%3Bs%3A14%3A%22%5B1%2C%22%22%2C2592000%5D%22%3B%7D'
    'HTTP_CONNECTION' => 'keep-alive'
    'PATH' => '/usr/local/sbin:/usr/local/bin:/usr/sbin:/usr/bin:/sbin:/bin'
    'SERVER_SIGNATURE' => '<address>Apache/2.4.7 (Ubuntu) Server at localhost Port 80</address>
'
    'SERVER_SOFTWARE' => 'Apache/2.4.7 (Ubuntu)'
    'SERVER_NAME' => 'localhost'
    'SERVER_ADDR' => '127.0.0.1'
    'SERVER_PORT' => '80'
    'REMOTE_ADDR' => '127.0.0.1'
    'DOCUMENT_ROOT' => '/var/www/'
    'REQUEST_SCHEME' => 'http'
    'CONTEXT_PREFIX' => ''
    'CONTEXT_DOCUMENT_ROOT' => '/var/www/'
    'SERVER_ADMIN' => 'webmaster@localhost'
    'SCRIPT_FILENAME' => '/var/www/autocom/web/index.php'
    'REMOTE_PORT' => '34620'
    'REDIRECT_URL' => '/autocom/web/surat-arsip/surat-arsip/surat-masuk'
    'GATEWAY_INTERFACE' => 'CGI/1.1'
    'SERVER_PROTOCOL' => 'HTTP/1.1'
    'REQUEST_METHOD' => 'GET'
    'QUERY_STRING' => ''
    'REQUEST_URI' => '/autocom/web/surat-arsip/surat-arsip/surat-masuk'
    'SCRIPT_NAME' => '/autocom/web/index.php'
    'PHP_SELF' => '/autocom/web/index.php'
    'REQUEST_TIME_FLOAT' => 1452356973.601
    'REQUEST_TIME' => 1452356973
]
